\BOOKMARK [1][-]{section.1}{\376\377\000I\000n\000t\000r\000o\000d\000u\000c\000t\000i\000o\000n}{}% 1
\BOOKMARK [1][-]{section.2}{\376\377\000R\000e\000l\000a\000t\000e\000d\000\040\000W\000o\000r\000k}{}% 2
\BOOKMARK [2][-]{subsection.2.1}{\376\377\000H\000I\000N\000-\000b\000a\000s\000e\000d\000\040\000R\000e\000c\000o\000m\000m\000e\000n\000d\000a\000t\000i\000o\000n}{section.2}% 3
\BOOKMARK [2][-]{subsection.2.2}{\376\377\000R\000N\000N\000-\000b\000a\000s\000e\000d\000\040\000R\000e\000c\000o\000m\000m\000e\000n\000d\000a\000t\000i\000o\000n}{section.2}% 4
\BOOKMARK [2][-]{subsection.2.3}{\376\377\000G\000A\000N\000-\000b\000a\000s\000e\000d\000\040\000R\000e\000c\000o\000m\000m\000e\000n\000d\000a\000t\000i\000o\000n}{section.2}% 5
\BOOKMARK [1][-]{section.3}{\376\377\000P\000r\000e\000l\000i\000m\000i\000n\000a\000r\000y}{}% 6
\BOOKMARK [1][-]{section.4}{\376\377\000C\000G\000A\000N\000-\000b\000a\000s\000e\000d\000\040\000R\000o\000u\000t\000e\000\040\000R\000e\000c\000o\000m\000m\000e\000n\000d\000a\000t\000i\000o\000n}{}% 7
\BOOKMARK [2][-]{subsection.4.1}{\376\377\000L\000a\000t\000e\000n\000t\000\040\000V\000e\000c\000t\000o\000r\000\040\000E\000m\000b\000e\000d\000d\000i\000n\000g}{section.4}% 8
\BOOKMARK [2][-]{subsection.4.2}{\376\377\000L\000a\000t\000e\000n\000t\000\040\000V\000e\000c\000t\000o\000r\000\040\000A\000u\000g\000m\000e\000n\000t\000a\000t\000i\000o\000n}{section.4}% 9
\BOOKMARK [2][-]{subsection.4.3}{\376\377\000R\000o\000u\000t\000e\000\040\000R\000e\000c\000o\000m\000m\000e\000n\000d\000a\000t\000i\000o\000n}{section.4}% 10
\BOOKMARK [1][-]{section.5}{\376\377\000E\000x\000p\000e\000r\000i\000m\000e\000n\000t\000s}{}% 11
\BOOKMARK [2][-]{subsection.5.1}{\376\377\000D\000a\000t\000a\000s\000e\000t\000s}{section.5}% 12
\BOOKMARK [2][-]{subsection.5.2}{\376\377\000E\000x\000p\000e\000r\000i\000m\000e\000n\000t\000a\000l\000\040\000S\000e\000t\000u\000p}{section.5}% 13
\BOOKMARK [2][-]{subsection.5.3}{\376\377\000E\000x\000p\000e\000r\000i\000m\000e\000n\000t\000s\000\040\000R\000e\000s\000u\000l\000t\000s}{section.5}% 14
\BOOKMARK [3][-]{subsubsection.5.3.1}{\376\377\000E\000v\000a\000l\000u\000a\000t\000i\000o\000n}{subsection.5.3}% 15
\BOOKMARK [3][-]{subsubsection.5.3.2}{\376\377\000P\000e\000r\000f\000o\000r\000m\000a\000n\000c\000e\000\040\000C\000o\000m\000p\000a\000r\000i\000s\000o\000n\000\040\000o\000f\000\040\000D\000a\000t\000a\000\040\000S\000p\000a\000r\000s\000i\000t\000y}{subsection.5.3}% 16
\BOOKMARK [3][-]{subsubsection.5.3.3}{\376\377\000C\000o\000m\000p\000a\000r\000a\000t\000i\000v\000e\000\040\000A\000n\000a\000l\000y\000s\000i\000s\000:\000\040\000C\000G\000A\000N\000\040\000v\000s\000.\000\040\000N\000o\000n\000-\000C\000G\000A\000N\000\040\000A\000p\000p\000r\000o\000a\000c\000h\000e\000s}{subsection.5.3}% 17
\BOOKMARK [3][-]{subsubsection.5.3.4}{\376\377\000U\000s\000a\000b\000i\000l\000i\000t\000y\000\040\000o\000f\000\040\000G\000e\000n\000e\000r\000a\000t\000e\000d\000\040\000S\000a\000m\000p\000l\000e\000s}{subsection.5.3}% 18
\BOOKMARK [3][-]{subsubsection.5.3.5}{\376\377\000E\000f\000f\000e\000c\000t\000\040\000o\000f\000\040\000S\000a\000m\000p\000l\000e\000\040\000N\000u\000m\000b\000e\000r}{subsection.5.3}% 19
\BOOKMARK [1][-]{section.6}{\376\377\000C\000o\000n\000c\000l\000u\000s\000i\000o\000n\000\040\000\046\000\040\000F\000u\000t\000u\000r\000e\000\040\000W\000o\000r\000k}{}% 20
